[2023-05-23 18:24:00.971] - trade time - 2023-05-23T12:53:00Z    key - GLOBAL~GBPPHP
[2023-05-23 18:24:00.987] - trade time - 2023-05-23T12:53:00Z    key - GLOBAL~USDSAR
[2023-05-23 18:24:00.988] - trade time - 2023-05-23T12:53:00Z    key - GLOBAL~SARUSD
[2023-05-23 18:24:00.989] - trade time - 2023-05-23T12:53:00Z    key - GLOBAL~JODUSD
[2023-05-23 18:24:00.990] - trade time - 2023-05-23T12:53:00Z    key - GLOBAL~QARUSD
[2023-05-23 18:24:01.016] - trade time - 2023-05-23T12:53:00Z    key - GLOBAL~GBPUSD
[2023-05-23 18:24:01.225] - trade time - 2023-05-23T12:53:00Z    key - GLOBAL~BTC/USD
[2023-05-23 18:24:01.228] - trade time - 2023-05-23T12:53:00Z    key - GLOBAL~SXAUUSDOZ.SP
[2023-05-23 18:24:01.229] - trade time - 2023-05-23T12:38:00Z    key - HKEXIDX~HKGDUER
[2023-05-23 18:24:01.230] - trade time - 2023-05-23T12:53:00Z    key - GLOBAL~USDJPY
[2023-05-23 18:24:01.230] - trade time - 2023-05-23T12:53:00Z    key - GLOBAL~JPYUSD
[2023-05-23 18:24:01.231] - trade time - 2023-05-23T12:53:00Z    key - HKEXIDX~HKGDUER
[2023-05-23 18:24:01.231] - trade time - 2023-05-23T12:53:00Z    key - GLOBAL~EBROUSDBR.SP
[2023-05-23 18:24:01.231] - trade time - 2023-05-23T12:53:00Z    key - HKEXIDX~HKGDRTR
[2023-05-23 18:24:01.232] - trade time - 2023-05-23T12:38:00Z    key - HKEXIDX~HKGDRTR
[2023-05-23 18:24:01.252] - trade time - 2023-05-23T12:38:00Z    key - HKEXIDX~HKGDUSP
[2023-05-23 18:24:01.253] - trade time - 2023-05-23T12:53:00Z    key - GLOBAL~ETC/USD
[2023-05-23 18:24:01.254] - trade time - 2023-05-23T12:53:00Z    key - GLOBAL~JPYPHP
[2023-05-23 18:24:01.254] - trade time - 2023-05-23T12:53:00Z    key - GLOBAL~BCH/USD
[2023-05-23 18:24:01.255] - trade time - 2023-05-23T12:53:00Z    key - GLOBAL~USDTRY
[2023-05-23 18:24:01.255] - trade time - 2023-05-23T12:53:00Z    key - GLOBAL~TRYUSD
[2023-05-23 18:24:01.256] - trade time - 2023-05-23T12:38:00Z    key - HKEXIDX~HKGDRER
[2023-05-23 18:24:01.457] - trade time - 2023-05-23T12:53:00Z    key - GLOBAL~AUDPHP
[2023-05-23 18:24:01.459] - trade time - 2023-05-23T12:38:00Z    key - HKEXIDX~HKGDRSP
[2023-05-23 18:24:01.460] - trade time - 2023-05-23T12:53:00Z    key - HKEXIDX~HKGDUTR
[2023-05-23 18:24:01.485] - trade time - 2023-05-23T12:53:00Z    key - HKEXIDX~HKGDRER
[2023-05-23 18:24:01.487] - trade time - 2023-05-23T12:53:00Z    key - GLOBAL~AUDUSD
[2023-05-23 18:24:01.488] - trade time - 2023-05-23T12:53:00Z    key - GLOBAL~USDAUD
[2023-05-23 18:24:01.488] - trade time - 2023-05-23T12:53:00Z    key - HKEXIDX~HKGDUSP
[2023-05-23 18:24:01.489] - trade time - 2023-05-23T12:53:00Z    key - GLOBAL~EWTIUSDBR.SP
[2023-05-23 18:24:01.705] - trade time - 2023-05-23T12:38:00Z    key - HKEXIDX~HKGDUTR
[2023-05-23 18:24:01.712] - trade time - 2023-05-23T12:53:00Z    key - HKEXIDX~HKGDRSP
[2023-05-23 18:24:01.986] - trade time - 2023-05-23T12:53:00Z    key - GLOBAL~CADUSD
[2023-05-23 18:24:02.239] - trade time - 2023-05-23T12:53:00Z    key - GLOBAL~SGDUSD
[2023-05-23 18:24:02.306] - trade time - 2023-05-23T12:53:00Z    key - GLOBAL~LTC/USD
[2023-05-23 18:24:02.570] - trade time - 2023-05-23T12:53:00Z    key - GLOBAL~CHFUSD
[2023-05-23 18:24:02.852] - trade time - 2023-05-23T12:53:00Z    key - GLOBAL~EURMAD
[2023-05-23 18:24:02.865] - trade time - 2023-05-23T12:53:00Z    key - GLOBAL~EURUSD
[2023-05-23 18:24:02.866] - trade time - 2023-05-23T12:53:00Z    key - GLOBAL~EURPHP
[2023-05-23 18:24:03.068] - trade time - 2023-05-23T12:53:00Z    key - GLOBAL~EGPUSD
[2023-05-23 18:24:03.070] - trade time - 2023-05-23T12:53:00Z    key - GLOBAL~USDCNY
[2023-05-23 18:24:03.071] - trade time - 2023-05-23T12:53:00Z    key - GLOBAL~AEDUSD
[2023-05-23 18:24:03.072] - trade time - 2023-05-23T12:53:00Z    key - GLOBAL~USDKWD
[2023-05-23 18:24:03.085] - trade time - 2023-05-23T12:53:00Z    key - GLOBAL~USDEGP
[2023-05-23 18:24:03.086] - trade time - 2023-05-23T12:53:00Z    key - GLOBAL~USDLKR
[2023-05-23 18:24:03.086] - trade time - 2023-05-23T12:53:00Z    key - GLOBAL~USDRUB
[2023-05-23 18:24:03.087] - trade time - 2023-05-23T12:53:00Z    key - GLOBAL~USDAED
[2023-05-23 18:24:03.088] - trade time - 2023-05-23T12:53:00Z    key - GLOBAL~USDMAD
[2023-05-23 18:24:03.088] - trade time - 2023-05-23T12:53:00Z    key - GLOBAL~USDPHP
[2023-05-23 18:24:03.089] - trade time - 2023-05-23T12:53:00Z    key - GLOBAL~PHPUSD
[2023-05-23 18:24:03.089] - trade time - 2023-05-23T12:53:00Z    key - GLOBAL~OMRUSD
[2023-05-23 18:24:03.350] - trade time - 2023-05-23T12:53:00Z    key - GLOBAL~SXAGUSDOZ.SP
[2023-05-23 18:24:05.735] - trade time - 2023-05-23T12:53:00Z    key - GLOBAL~SXPDUSDOZ.SP
[2023-05-23 18:24:06.509] - trade time - 2023-05-23T12:53:00Z    key - GLOBAL~SXPTUSDOZ.SP
[2023-05-23 18:25:00.829] - trade time - 2023-05-23T12:54:00Z    key - GLOBAL~AUDUSD
[2023-05-23 18:25:00.830] - trade time - 2023-05-23T12:54:00Z    key - GLOBAL~USDAUD
[2023-05-23 18:25:01.014] - trade time - 2023-05-23T12:54:00Z    key - GLOBAL~AUDPHP
[2023-05-23 18:25:01.015] - trade time - 2023-05-23T12:54:00Z    key - GLOBAL~SXPTUSDOZ.SP
[2023-05-23 18:25:01.016] - trade time - 2023-05-23T12:54:00Z    key - GLOBAL~USDJPY
[2023-05-23 18:25:01.017] - trade time - 2023-05-23T12:54:00Z    key - GLOBAL~JPYUSD
[2023-05-23 18:25:01.018] - trade time - 2023-05-23T12:54:00Z    key - GLOBAL~SXAUUSDOZ.SP
[2023-05-23 18:25:01.033] - trade time - 2023-05-23T12:54:00Z    key - GLOBAL~JPYPHP
[2023-05-23 18:25:01.033] - trade time - 2023-05-23T12:54:00Z    key - GLOBAL~SGDUSD
[2023-05-23 18:25:01.034] - trade time - 2023-05-23T12:39:00Z    key - HKEXIDX~HKGDUSP
[2023-05-23 18:25:01.232] - trade time - 2023-05-23T12:54:00Z    key - GLOBAL~EURUSD
[2023-05-23 18:25:01.233] - trade time - 2023-05-23T12:54:00Z    key - GLOBAL~EURPHP
[2023-05-23 18:25:01.234] - trade time - 2023-05-23T12:54:00Z    key - GLOBAL~USDPHP
[2023-05-23 18:25:01.234] - trade time - 2023-05-23T12:54:00Z    key - GLOBAL~PHPUSD
[2023-05-23 18:25:01.234] - trade time - 2023-05-23T12:54:00Z    key - GLOBAL~USDEGP
[2023-05-23 18:25:01.235] - trade time - 2023-05-23T12:54:00Z    key - GLOBAL~USDRUB
[2023-05-23 18:25:01.235] - trade time - 2023-05-23T12:54:00Z    key - GLOBAL~USDAED
[2023-05-23 18:25:01.235] - trade time - 2023-05-23T12:54:00Z    key - GLOBAL~USDLKR
[2023-05-23 18:25:01.236] - trade time - 2023-05-23T12:54:00Z    key - GLOBAL~CHFUSD
[2023-05-23 18:25:01.237] - trade time - 2023-05-23T12:39:00Z    key - HKEXIDX~HKGDRSP
[2023-05-23 18:25:01.237] - trade time - 2023-05-23T12:54:00Z    key - HKEXIDX~HKGDRSP
[2023-05-23 18:25:01.237] - trade time - 2023-05-23T12:39:00Z    key - HKEXIDX~HKGDRTR
[2023-05-23 18:25:01.249] - trade time - 2023-05-23T12:39:00Z    key - HKEXIDX~HKGDRER
[2023-05-23 18:25:01.250] - trade time - 2023-05-23T12:54:00Z    key - GLOBAL~BCH/USD
[2023-05-23 18:25:01.250] - trade time - 2023-05-23T12:54:00Z    key - GLOBAL~EURMAD
[2023-05-23 18:25:01.251] - trade time - 2023-05-23T12:54:00Z    key - GLOBAL~EGPUSD
[2023-05-23 18:25:01.251] - trade time - 2023-05-23T12:54:00Z    key - HKEXIDX~HKGDUSP
[2023-05-23 18:25:01.251] - trade time - 2023-05-23T12:54:00Z    key - GLOBAL~CADUSD
[2023-05-23 18:25:01.252] - trade time - 2023-05-23T12:54:00Z    key - GLOBAL~USDKWD
[2023-05-23 18:25:01.252] - trade time - 2023-05-23T12:54:00Z    key - GLOBAL~AEDUSD
[2023-05-23 18:25:01.252] - trade time - 2023-05-23T12:54:00Z    key - GLOBAL~USDCNY
[2023-05-23 18:25:01.419] - trade time - 2023-05-23T12:54:00Z    key - GLOBAL~USDMAD
[2023-05-23 18:25:01.419] - trade time - 2023-05-23T12:54:00Z    key - GLOBAL~BTC/USD
[2023-05-23 18:25:01.420] - trade time - 2023-05-23T12:54:00Z    key - HKEXIDX~HKGDUER
[2023-05-23 18:25:01.420] - trade time - 2023-05-23T12:39:00Z    key - HKEXIDX~HKGDUTR
[2023-05-23 18:25:01.420] - trade time - 2023-05-23T12:39:00Z    key - HKEXIDX~HKGDUER
[2023-05-23 18:25:01.432] - trade time - 2023-05-23T12:54:00Z    key - HKEXIDX~HKGDRER
[2023-05-23 18:25:01.620] - trade time - 2023-05-23T12:54:00Z    key - GLOBAL~EWTIUSDBR.SP
[2023-05-23 18:25:01.632] - trade time - 2023-05-23T12:54:00Z    key - HKEXIDX~HKGDRTR
[2023-05-23 18:25:01.633] - trade time - 2023-05-23T12:54:00Z    key - HKEXIDX~HKGDUTR
[2023-05-23 18:25:01.820] - trade time - 2023-05-23T12:54:00Z    key - GLOBAL~SXPDUSDOZ.SP
[2023-05-23 18:25:01.821] - trade time - 2023-05-23T12:54:00Z    key - GLOBAL~GBPUSD
[2023-05-23 18:25:01.848] - trade time - 2023-05-23T12:54:00Z    key - GLOBAL~GBPPHP
[2023-05-23 18:25:01.849] - trade time - 2023-05-23T12:54:00Z    key - GLOBAL~JODUSD
[2023-05-23 18:25:01.849] - trade time - 2023-05-23T12:54:00Z    key - GLOBAL~OMRUSD
[2023-05-23 18:25:01.850] - trade time - 2023-05-23T12:54:00Z    key - GLOBAL~QARUSD
[2023-05-23 18:25:01.851] - trade time - 2023-05-23T12:54:00Z    key - GLOBAL~USDSAR
[2023-05-23 18:25:01.851] - trade time - 2023-05-23T12:54:00Z    key - GLOBAL~SARUSD
[2023-05-23 18:25:02.053] - trade time - 2023-05-23T12:54:00Z    key - GLOBAL~USDTRY
[2023-05-23 18:25:02.055] - trade time - 2023-05-23T12:54:00Z    key - GLOBAL~TRYUSD
[2023-05-23 18:25:02.090] - trade time - 2023-05-23T12:54:00Z    key - GLOBAL~EBROUSDBR.SP
[2023-05-23 18:25:02.090] - trade time - 2023-05-23T12:54:00Z    key - GLOBAL~SXAGUSDOZ.SP
[2023-05-23 18:26:00.962] - trade time - 2023-05-23T12:55:00Z    key - GLOBAL~SXAUUSDOZ.SP
[2023-05-23 18:26:00.977] - trade time - 2023-05-23T12:55:00Z    key - GLOBAL~USDJPY
[2023-05-23 18:26:00.979] - trade time - 2023-05-23T12:55:00Z    key - GLOBAL~JPYUSD
[2023-05-23 18:26:00.980] - trade time - 2023-05-23T12:55:00Z    key - GLOBAL~JPYPHP
[2023-05-23 18:26:01.135] - trade time - 2023-05-23T12:55:00Z    key - GLOBAL~GBPUSD
[2023-05-23 18:26:01.137] - trade time - 2023-05-23T12:55:00Z    key - GLOBAL~USDTRY
[2023-05-23 18:26:01.139] - trade time - 2023-05-23T12:55:00Z    key - GLOBAL~TRYUSD
[2023-05-23 18:26:01.140] - trade time - 2023-05-23T12:55:00Z    key - GLOBAL~ETC/USD
[2023-05-23 18:26:01.141] - trade time - 2023-05-23T12:40:00Z    key - HKEXIDX~HKGDUSP
[2023-05-23 18:26:01.142] - trade time - 2023-05-23T12:55:00Z    key - HKEXIDX~HKGDUSP
[2023-05-23 18:26:01.142] - trade time - 2023-05-23T12:55:00Z    key - GLOBAL~AUDUSD
[2023-05-23 18:26:01.144] - trade time - 2023-05-23T12:55:00Z    key - GLOBAL~USDAUD
[2023-05-23 18:26:01.163] - trade time - 2023-05-23T12:55:00Z    key - GLOBAL~GBPPHP
[2023-05-23 18:26:01.164] - trade time - 2023-05-23T12:55:00Z    key - GLOBAL~AUDPHP
[2023-05-23 18:26:01.164] - trade time - 2023-05-23T12:55:00Z    key - GLOBAL~JODUSD
[2023-05-23 18:26:01.165] - trade time - 2023-05-23T12:55:00Z    key - GLOBAL~USDSAR
[2023-05-23 18:26:01.166] - trade time - 2023-05-23T12:55:00Z    key - GLOBAL~SARUSD
[2023-05-23 18:26:01.166] - trade time - 2023-05-23T12:55:00Z    key - GLOBAL~QARUSD
[2023-05-23 18:26:01.167] - trade time - 2023-05-23T12:40:00Z    key - HKEXIDX~HKGDRTR
[2023-05-23 18:26:01.293] - trade time - 2023-05-23T12:55:00Z    key - GLOBAL~EURMAD
[2023-05-23 18:26:01.295] - trade time - 2023-05-23T12:55:00Z    key - GLOBAL~EGPUSD
[2023-05-23 18:26:01.297] - trade time - 2023-05-23T12:55:00Z    key - GLOBAL~USDCNY
[2023-05-23 18:26:01.298] - trade time - 2023-05-23T12:55:00Z    key - GLOBAL~USDKWD
[2023-05-23 18:26:01.299] - trade time - 2023-05-23T12:55:00Z    key - HKEXIDX~HKGDRER
[2023-05-23 18:26:01.300] - trade time - 2023-05-23T12:55:00Z    key - GLOBAL~AEDUSD
[2023-05-23 18:26:01.318] - trade time - 2023-05-23T12:40:00Z    key - HKEXIDX~HKGDUTR
[2023-05-23 18:26:01.319] - trade time - 2023-05-23T12:55:00Z    key - HKEXIDX~HKGDUER
[2023-05-23 18:26:01.319] - trade time - 2023-05-23T12:55:00Z    key - GLOBAL~EURUSD
[2023-05-23 18:26:01.320] - trade time - 2023-05-23T12:55:00Z    key - GLOBAL~EURPHP
[2023-05-23 18:26:01.320] - trade time - 2023-05-23T12:55:00Z    key - GLOBAL~USDEGP
[2023-05-23 18:26:01.321] - trade time - 2023-05-23T12:55:00Z    key - GLOBAL~OMRUSD
[2023-05-23 18:26:01.321] - trade time - 2023-05-23T12:55:00Z    key - GLOBAL~USDPHP
[2023-05-23 18:26:01.322] - trade time - 2023-05-23T12:55:00Z    key - GLOBAL~PHPUSD
[2023-05-23 18:26:01.322] - trade time - 2023-05-23T12:55:00Z    key - GLOBAL~USDMAD
[2023-05-23 18:26:01.322] - trade time - 2023-05-23T12:55:00Z    key - GLOBAL~CHFUSD
[2023-05-23 18:26:01.323] - trade time - 2023-05-23T12:40:00Z    key - HKEXIDX~HKGDRSP
[2023-05-23 18:26:01.323] - trade time - 2023-05-23T12:55:00Z    key - GLOBAL~USDAED
[2023-05-23 18:26:01.324] - trade time - 2023-05-23T12:55:00Z    key - GLOBAL~USDRUB
[2023-05-23 18:26:01.324] - trade time - 2023-05-23T12:55:00Z    key - GLOBAL~EBROUSDBR.SP
[2023-05-23 18:26:01.450] - trade time - 2023-05-23T12:55:00Z    key - GLOBAL~EWTIUSDBR.SP
[2023-05-23 18:26:01.452] - trade time - 2023-05-23T12:40:00Z    key - HKEXIDX~HKGDRER
[2023-05-23 18:26:01.477] - trade time - 2023-05-23T12:55:00Z    key - HKEXIDX~HKGDRTR
[2023-05-23 18:26:01.477] - trade time - 2023-05-23T12:55:00Z    key - GLOBAL~USDLKR
[2023-05-23 18:26:01.478] - trade time - 2023-05-23T12:55:00Z    key - HKEXIDX~HKGDUTR
[2023-05-23 18:26:01.479] - trade time - 2023-05-23T12:40:00Z    key - HKEXIDX~HKGDUER
[2023-05-23 18:26:01.643] - trade time - 2023-05-23T12:55:00Z    key - HKEXIDX~HKGDRSP
[2023-05-23 18:26:01.703] - trade time - 2023-05-23T12:55:00Z    key - GLOBAL~SXPDUSDOZ.SP
[2023-05-23 18:26:02.055] - trade time - 2023-05-23T12:55:00Z    key - GLOBAL~CADUSD
[2023-05-23 18:26:03.466] - trade time - 2023-05-23T12:55:00Z    key - GLOBAL~SXPTUSDOZ.SP
[2023-05-23 18:26:03.617] - trade time - 2023-05-23T12:55:00Z    key - GLOBAL~SXAGUSDOZ.SP
[2023-05-23 18:26:04.679] - trade time - 2023-05-23T12:55:00Z    key - GLOBAL~BTC/USD
[2023-05-23 18:26:06.172] - trade time - 2023-05-23T12:55:00Z    key - GLOBAL~BCH/USD
[2023-05-23 18:26:08.673] - trade time - 2023-05-23T12:55:00Z    key - GLOBAL~SGDUSD
[2023-05-23 18:26:14.530] - trade time - 2023-05-23T12:55:00Z    key - GLOBAL~LTC/USD
[2023-05-23 18:27:00.950] - trade time - 2023-05-23T12:56:00Z    key - GLOBAL~SXAUUSDOZ.SP
[2023-05-23 18:27:00.952] - trade time - 2023-05-23T12:56:00Z    key - GLOBAL~BTC/USD
[2023-05-23 18:27:00.953] - trade time - 2023-05-23T12:56:00Z    key - GLOBAL~GBPPHP
[2023-05-23 18:27:00.953] - trade time - 2023-05-23T12:56:00Z    key - GLOBAL~JODUSD
[2023-05-23 18:27:00.954] - trade time - 2023-05-23T12:56:00Z    key - GLOBAL~QARUSD
[2023-05-23 18:27:01.021] - trade time - 2023-05-23T12:56:00Z    key - GLOBAL~GBPUSD
[2023-05-23 18:27:01.022] - trade time - 2023-05-23T12:56:00Z    key - GLOBAL~USDTRY
[2023-05-23 18:27:01.022] - trade time - 2023-05-23T12:56:00Z    key - GLOBAL~TRYUSD
[2023-05-23 18:27:01.023] - trade time - 2023-05-23T12:41:00Z    key - HKEXIDX~HKGDUSP
[2023-05-23 18:27:01.023] - trade time - 2023-05-23T12:56:00Z    key - GLOBAL~BCH/USD
[2023-05-23 18:27:01.114] - trade time - 2023-05-23T12:56:00Z    key - GLOBAL~CHFUSD
[2023-05-23 18:27:01.115] - trade time - 2023-05-23T12:56:00Z    key - GLOBAL~USDJPY
[2023-05-23 18:27:01.115] - trade time - 2023-05-23T12:56:00Z    key - GLOBAL~JPYUSD
[2023-05-23 18:27:01.116] - trade time - 2023-05-23T12:41:00Z    key - HKEXIDX~HKGDRSP
[2023-05-23 18:27:01.116] - trade time - 2023-05-23T12:56:00Z    key - GLOBAL~EBROUSDBR.SP
[2023-05-23 18:27:01.205] - trade time - 2023-05-23T12:56:00Z    key - GLOBAL~JPYPHP
[2023-05-23 18:27:01.207] - trade time - 2023-05-23T12:56:00Z    key - HKEXIDX~HKGDUSP
[2023-05-23 18:27:01.208] - trade time - 2023-05-23T12:56:00Z    key - GLOBAL~ETC/USD
[2023-05-23 18:27:01.209] - trade time - 2023-05-23T12:56:00Z    key - GLOBAL~EWTIUSDBR.SP
[2023-05-23 18:27:01.210] - trade time - 2023-05-23T12:56:00Z    key - GLOBAL~CADUSD
[2023-05-23 18:27:01.211] - trade time - 2023-05-23T12:56:00Z    key - HKEXIDX~HKGDRER
[2023-05-23 18:27:01.280] - trade time - 2023-05-23T12:56:00Z    key - HKEXIDX~HKGDUTR
[2023-05-23 18:27:01.282] - trade time - 2023-05-23T12:41:00Z    key - HKEXIDX~HKGDRTR
[2023-05-23 18:27:01.282] - trade time - 2023-05-23T12:56:00Z    key - GLOBAL~USDSAR
[2023-05-23 18:27:01.283] - trade time - 2023-05-23T12:56:00Z    key - GLOBAL~SARUSD
[2023-05-23 18:27:01.284] - trade time - 2023-05-23T12:41:00Z    key - HKEXIDX~HKGDUTR
[2023-05-23 18:27:01.461] - trade time - 2023-05-23T12:56:00Z    key - HKEXIDX~HKGDRSP
[2023-05-23 18:27:01.462] - trade time - 2023-05-23T12:41:00Z    key - HKEXIDX~HKGDUER
[2023-05-23 18:27:01.463] - trade time - 2023-05-23T12:56:00Z    key - HKEXIDX~HKGDRTR
[2023-05-23 18:27:01.478] - trade time - 2023-05-23T12:41:00Z    key - HKEXIDX~HKGDRER
[2023-05-23 18:27:01.636] - trade time - 2023-05-23T12:56:00Z    key - HKEXIDX~HKGDUER
[2023-05-23 18:27:02.264] - trade time - 2023-05-23T12:56:00Z    key - GLOBAL~EURUSD
[2023-05-23 18:27:02.265] - trade time - 2023-05-23T12:56:00Z    key - GLOBAL~EURPHP
[2023-05-23 18:27:02.298] - trade time - 2023-05-23T12:56:00Z    key - GLOBAL~EURMAD
[2023-05-23 18:27:02.298] - trade time - 2023-05-23T12:56:00Z    key - GLOBAL~EGPUSD
[2023-05-23 18:27:02.298] - trade time - 2023-05-23T12:56:00Z    key - GLOBAL~AEDUSD
[2023-05-23 18:27:02.437] - trade time - 2023-05-23T12:56:00Z    key - GLOBAL~USDEGP
[2023-05-23 18:27:02.439] - trade time - 2023-05-23T12:56:00Z    key - GLOBAL~USDRUB
[2023-05-23 18:27:02.440] - trade time - 2023-05-23T12:56:00Z    key - GLOBAL~USDAED
[2023-05-23 18:27:02.440] - trade time - 2023-05-23T12:56:00Z    key - GLOBAL~USDPHP
[2023-05-23 18:27:02.441] - trade time - 2023-05-23T12:56:00Z    key - GLOBAL~PHPUSD
[2023-05-23 18:27:02.475] - trade time - 2023-05-23T12:56:00Z    key - GLOBAL~USDCNY
[2023-05-23 18:27:02.616] - trade time - 2023-05-23T12:56:00Z    key - GLOBAL~USDMAD
[2023-05-23 18:27:02.617] - trade time - 2023-05-23T12:56:00Z    key - GLOBAL~SXAGUSDOZ.SP
[2023-05-23 18:27:02.618] - trade time - 2023-05-23T12:56:00Z    key - GLOBAL~USDLKR
[2023-05-23 18:27:02.618] - trade time - 2023-05-23T12:56:00Z    key - GLOBAL~OMRUSD
[2023-05-23 18:27:02.660] - trade time - 2023-05-23T12:56:00Z    key - GLOBAL~USDKWD
[2023-05-23 18:27:02.882] - trade time - 2023-05-23T12:56:00Z    key - GLOBAL~SXPTUSDOZ.SP
[2023-05-23 18:27:03.084] - trade time - 2023-05-23T12:56:00Z    key - GLOBAL~LTC/USD
[2023-05-23 18:27:05.574] - trade time - 2023-05-23T12:56:00Z    key - GLOBAL~SGDUSD
[2023-05-23 18:27:06.043] - trade time - 2023-05-23T12:56:00Z    key - GLOBAL~AUDPHP
[2023-05-23 18:27:06.075] - trade time - 2023-05-23T12:56:00Z    key - GLOBAL~AUDUSD
[2023-05-23 18:27:06.076] - trade time - 2023-05-23T12:56:00Z    key - GLOBAL~USDAUD
[2023-05-23 18:27:08.732] - trade time - 2023-05-23T12:56:00Z    key - GLOBAL~SXPDUSDOZ.SP
